 #This file helps checking about the convergence of the optimization algorithm
 #    by printing infos related to the values of the objective function and
 #    its components.
 #- Every line describes an iteration of the optimization algorithm,
 #- on every line there are x*2+2+4 real numbers where x equals the number
 #    of measured fields used,
 #- the first 2 numbers on a line are the dataMatch and the forceMatch terms
 #    for the first measurement used,
 #- if x>1, numbers at position 3 and 4 are the dataMatch and the forceMatch
 #    terms for the second measurement
 #- etc...
 #- the following numbers are: the regularization term for each measurement
 #    and the objective function value,
 #- followed by the L2 norms of parameter1, its gradient, parameter2 and its
 #    gradient.
 #note by JFD: gnuplot is convenient to print a column
 #             plot "*.out.cvg" u 3
 #             replot "*.out.cvg" u 6
  9.17914E-05  0.00000E+00  2.80000E-06  9.45913506076E-05  1.69706E+01  0.00000E+00  8.48528E+00  0.00000E+00
  9.17842E-05  0.00000E+00  2.80000E-06  9.45841910799E-05  1.69706E+01  0.00000E+00  8.48532E+00  1.33107E-04
  7.82170E-05  0.00000E+00  5.69425E-06  8.39112914198E-05  1.69706E+01  0.00000E+00  8.57264E+00  2.33543E-01
  5.61484E-05  0.00000E+00  1.39373E-05  7.00857533705E-05  1.69706E+01  0.00000E+00  8.77356E+00  7.29511E-01
  2.82283E-05  0.00000E+00  2.85930E-05  5.68212737171E-05  1.69706E+01  0.00000E+00  9.19610E+00  1.57313E+00
  1.95622E-05  0.00000E+00  3.61011E-05  5.56632730824E-05  1.69706E+01  0.00000E+00  9.42692E+00  2.01941E+00
  1.93784E-05  0.00000E+00  3.45646E-05  5.39430472036E-05  1.69706E+01  0.00000E+00  9.42598E+00  2.01542E+00
  1.94791E-05  0.00000E+00  3.44690E-05  5.39480557904E-05  1.69706E+01  0.00000E+00  9.42262E+00  2.02273E+00
  1.93658E-05  0.00000E+00  3.38562E-05  5.32219443784E-05  1.69706E+01  0.00000E+00  9.42595E+00  2.02628E+00
  1.88656E-05  0.00000E+00  3.40128E-05  5.28783560141E-05  1.69706E+01  0.00000E+00  9.44277E+00  2.06445E+00
  1.82208E-05  0.00000E+00  3.44495E-05  5.26702391331E-05  1.69706E+01  0.00000E+00  9.46466E+00  2.12128E+00
  1.78646E-05  0.00000E+00  3.45974E-05  5.24620014143E-05  1.69706E+01  0.00000E+00  9.47669E+00  2.15109E+00
  1.74639E-05  0.00000E+00  3.48962E-05  5.23600479446E-05  1.69706E+01  0.00000E+00  9.48959E+00  2.18750E+00
  1.74814E-05  0.00000E+00  3.47895E-05  5.22709172216E-05  1.69706E+01  0.00000E+00  9.48800E+00  2.19218E+00
  1.75071E-05  0.00000E+00  3.47048E-05  5.22119295793E-05  1.69706E+01  0.00000E+00  9.48450E+00  2.19888E+00
  1.74294E-05  0.00000E+00  3.47291E-05  5.21584137631E-05  1.69706E+01  0.00000E+00  9.48436E+00  2.21565E+00
  1.73867E-05  0.00000E+00  3.47445E-05  5.21311852278E-05  1.69706E+01  0.00000E+00  9.48110E+00  2.22606E+00
  1.74620E-05  0.00000E+00  3.46438E-05  5.21058570679E-05  1.69706E+01  0.00000E+00  9.47717E+00  2.21276E+00
  1.73111E-05  0.00000E+00  3.47625E-05  5.20736272351E-05  1.69706E+01  0.00000E+00  9.48106E+00  2.23274E+00
  1.72528E-05  0.00000E+00  3.47715E-05  5.20242564759E-05  1.69706E+01  0.00000E+00  9.47701E+00  2.25074E+00
  1.71405E-05  0.00000E+00  3.48036E-05  5.19440644575E-05  1.69706E+01  0.00000E+00  9.46464E+00  2.29679E+00
  1.71156E-05  0.00000E+00  3.47973E-05  5.19129161041E-05  1.69706E+01  0.00000E+00  9.46422E+00  2.29640E+00
  1.70617E-05  0.00000E+00  3.48141E-05  5.18757453291E-05  1.69706E+01  0.00000E+00  9.45949E+00  2.31423E+00
  1.69138E-05  0.00000E+00  3.48965E-05  5.18103096506E-05  1.69706E+01  0.00000E+00  9.45041E+00  2.36164E+00
  1.64954E-05  0.00000E+00  3.53894E-05  5.18847978424E-05  1.69706E+01  0.00000E+00  9.42728E+00  2.52486E+00
  1.65702E-05  0.00000E+00  3.51855E-05  5.17556977039E-05  1.69706E+01  0.00000E+00  9.43244E+00  2.48268E+00
  1.66232E-05  0.00000E+00  3.51205E-05  5.17436334219E-05  1.69706E+01  0.00000E+00  9.43490E+00  2.45577E+00
  1.66050E-05  0.00000E+00  3.51309E-05  5.17359469137E-05  1.69706E+01  0.00000E+00  9.43455E+00  2.45571E+00
  1.65648E-05  0.00000E+00  3.51614E-05  5.17262136821E-05  1.69706E+01  0.00000E+00  9.43254E+00  2.46350E+00
  1.64603E-05  0.00000E+00  3.52478E-05  5.17080341173E-05  1.69706E+01  0.00000E+00  9.42743E+00  2.48436E+00
  1.64539E-05  0.00000E+00  3.52521E-05  5.17060240002E-05  1.69706E+01  0.00000E+00  9.42718E+00  2.48495E+00
  1.64312E-05  0.00000E+00  3.52706E-05  5.17017998044E-05  1.69706E+01  0.00000E+00  9.42606E+00  2.48967E+00
  1.63871E-05  0.00000E+00  3.53083E-05  5.16953863214E-05  1.69706E+01  0.00000E+00  9.42396E+00  2.49799E+00
  1.63745E-05  0.00000E+00  3.53187E-05  5.16932265121E-05  1.69706E+01  0.00000E+00  9.42337E+00  2.50029E+00
  1.62083E-05  0.00000E+00  3.54683E-05  5.16766147656E-05  1.69706E+01  0.00000E+00  9.41539E+00  2.53471E+00
  1.61423E-05  0.00000E+00  3.55353E-05  5.16775558279E-05  1.69706E+01  0.00000E+00  9.41158E+00  2.54723E+00
  1.59920E-05  0.00000E+00  3.56709E-05  5.16629054918E-05  1.69706E+01  0.00000E+00  9.40440E+00  2.58024E+00
  1.58884E-05  0.00000E+00  3.57771E-05  5.16655785450E-05  1.69706E+01  0.00000E+00  9.39802E+00  2.60093E+00
  1.59159E-05  0.00000E+00  3.57423E-05  5.16582322813E-05  1.69706E+01  0.00000E+00  9.39964E+00  2.59510E+00
  1.59111E-05  0.00000E+00  3.57459E-05  5.16570398184E-05  1.69706E+01  0.00000E+00  9.39900E+00  2.59600E+00
  1.59077E-05  0.00000E+00  3.57484E-05  5.16561230123E-05  1.69706E+01  0.00000E+00  9.39843E+00  2.59653E+00
  1.58755E-05  0.00000E+00  3.57774E-05  5.16529116323E-05  1.69706E+01  0.00000E+00  9.39408E+00  2.60217E+00
  1.58536E-05  0.00000E+00  3.57984E-05  5.16520465754E-05  1.69706E+01  0.00000E+00  9.39015E+00  2.60451E+00
  1.58385E-05  0.00000E+00  3.58119E-05  5.16504368715E-05  1.69706E+01  0.00000E+00  9.38877E+00  2.60762E+00
  1.58334E-05  0.00000E+00  3.58165E-05  5.16499373096E-05  1.69706E+01  0.00000E+00  9.38816E+00  2.60851E+00
  1.58253E-05  0.00000E+00  3.58238E-05  5.16491291711E-05  1.69706E+01  0.00000E+00  9.38667E+00  2.60970E+00
  1.58093E-05  0.00000E+00  3.58389E-05  5.16481225890E-05  1.69706E+01  0.00000E+00  9.38140E+00  2.61228E+00
  1.58050E-05  0.00000E+00  3.58424E-05  5.16473760241E-05  1.69706E+01  0.00000E+00  9.37950E+00  2.61298E+00
  1.58094E-05  0.00000E+00  3.58376E-05  5.16470837917E-05  1.69706E+01  0.00000E+00  9.37996E+00  2.61221E+00
  1.58142E-05  0.00000E+00  3.58325E-05  5.16467517795E-05  1.69706E+01  0.00000E+00  9.37952E+00  2.61142E+00
  1.58154E-05  0.00000E+00  3.58312E-05  5.16465887025E-05  1.69706E+01  0.00000E+00  9.37918E+00  2.61125E+00
  1.58188E-05  0.00000E+00  3.58274E-05  5.16462758345E-05  1.69706E+01  0.00000E+00  9.37829E+00  2.61075E+00
  1.58271E-05  0.00000E+00  3.58189E-05  5.16459783560E-05  1.69706E+01  0.00000E+00  9.37595E+00  2.60965E+00
  1.58340E-05  0.00000E+00  3.58120E-05  5.16459891566E-05  1.69706E+01  0.00000E+00  9.37411E+00  2.60924E+00
  1.58329E-05  0.00000E+00  3.58129E-05  5.16457592120E-05  1.69706E+01  0.00000E+00  9.37428E+00  2.60940E+00
  1.58457E-05  0.00000E+00  3.57998E-05  5.16454428773E-05  1.69706E+01  0.00000E+00  9.37182E+00  2.60891E+00
  1.58554E-05  0.00000E+00  3.57901E-05  5.16454590155E-05  1.69706E+01  0.00000E+00  9.36992E+00  2.60852E+00
  1.58539E-05  0.00000E+00  3.57913E-05  5.16452422577E-05  1.69706E+01  0.00000E+00  9.37054E+00  2.60852E+00
  1.58714E-05  0.00000E+00  3.57735E-05  5.16448682216E-05  1.69706E+01  0.00000E+00  9.36822E+00  2.60708E+00
  1.58876E-05  0.00000E+00  3.57575E-05  5.16450828211E-05  1.69706E+01  0.00000E+00  9.36527E+00  2.60552E+00
  1.58811E-05  0.00000E+00  3.57636E-05  5.16446771590E-05  1.69706E+01  0.00000E+00  9.36631E+00  2.60593E+00
  1.58828E-05  0.00000E+00  3.57618E-05  5.16446246917E-05  1.69706E+01  0.00000E+00  9.36548E+00  2.60544E+00
  1.58830E-05  0.00000E+00  3.57616E-05  5.16445975418E-05  1.69706E+01  0.00000E+00  9.36495E+00  2.60517E+00
  1.58829E-05  0.00000E+00  3.57617E-05  5.16445780823E-05  1.69706E+01  0.00000E+00  9.36489E+00  2.60518E+00
  1.58831E-05  0.00000E+00  3.57615E-05  5.16445585947E-05  1.69706E+01  0.00000E+00  9.36472E+00  2.60510E+00
  1.58837E-05  0.00000E+00  3.57608E-05  5.16445484419E-05  1.69706E+01  0.00000E+00  9.36462E+00  2.60496E+00
  1.58868E-05  0.00000E+00  3.57578E-05  5.16445550362E-05  1.69706E+01  0.00000E+00  9.36434E+00  2.60441E+00
  1.58865E-05  0.00000E+00  3.57580E-05  5.16445291099E-05  1.69706E+01  0.00000E+00  9.36440E+00  2.60445E+00
  1.58870E-05  0.00000E+00  3.57576E-05  5.16445261572E-05  1.69706E+01  0.00000E+00  9.36442E+00  2.60437E+00
  1.58881E-05  0.00000E+00  3.57565E-05  5.16445227538E-05  1.69706E+01  0.00000E+00  9.36439E+00  2.60420E+00
  1.58890E-05  0.00000E+00  3.57555E-05  5.16445200945E-05  1.69706E+01  0.00000E+00  9.36434E+00  2.60402E+00
  1.58895E-05  0.00000E+00  3.57551E-05  5.16445170024E-05  1.69706E+01  0.00000E+00  9.36429E+00  2.60391E+00
  1.58906E-05  0.00000E+00  3.57539E-05  5.16445121484E-05  1.69706E+01  0.00000E+00  9.36411E+00  2.60357E+00
  1.58913E-05  0.00000E+00  3.57532E-05  5.16445100074E-05  1.69706E+01  0.00000E+00  9.36402E+00  2.60336E+00
  1.58920E-05  0.00000E+00  3.57525E-05  5.16445074080E-05  1.69706E+01  0.00000E+00  9.36393E+00  2.60310E+00
  1.58926E-05  0.00000E+00  3.57519E-05  5.16445058202E-05  1.69706E+01  0.00000E+00  9.36384E+00  2.60282E+00
  1.58927E-05  0.00000E+00  3.57518E-05  5.16445043261E-05  1.69706E+01  0.00000E+00  9.36384E+00  2.60275E+00
  1.58926E-05  0.00000E+00  3.57519E-05  5.16445039052E-05  1.69706E+01  0.00000E+00  9.36386E+00  2.60279E+00
  1.58925E-05  0.00000E+00  3.57520E-05  5.16445032117E-05  1.69706E+01  0.00000E+00  9.36387E+00  2.60276E+00
  1.58927E-05  0.00000E+00  3.57518E-05  5.16445034357E-05  1.69706E+01  0.00000E+00  9.36385E+00  2.60262E+00
  1.58927E-05  0.00000E+00  3.57518E-05  5.16445027419E-05  1.69706E+01  0.00000E+00  9.36385E+00  2.60263E+00
  1.58930E-05  0.00000E+00  3.57515E-05  5.16445024758E-05  1.69706E+01  0.00000E+00  9.36384E+00  2.60254E+00
  1.58933E-05  0.00000E+00  3.57512E-05  5.16445022102E-05  1.69706E+01  0.00000E+00  9.36385E+00  2.60244E+00
  1.58938E-05  0.00000E+00  3.57507E-05  5.16445018970E-05  1.69706E+01  0.00000E+00  9.36388E+00  2.60231E+00
  1.58940E-05  0.00000E+00  3.57505E-05  5.16445015944E-05  1.69706E+01  0.00000E+00  9.36391E+00  2.60226E+00
  1.58941E-05  0.00000E+00  3.57504E-05  5.16445013883E-05  1.69706E+01  0.00000E+00  9.36395E+00  2.60225E+00
  1.58941E-05  0.00000E+00  3.57504E-05  5.16445013033E-05  1.69706E+01  0.00000E+00  9.36398E+00  2.60224E+00
  1.58942E-05  0.00000E+00  3.57503E-05  5.16445012367E-05  1.69706E+01  0.00000E+00  9.36398E+00  2.60223E+00
  1.58943E-05  0.00000E+00  3.57502E-05  5.16445011569E-05  1.69706E+01  0.00000E+00  9.36399E+00  2.60218E+00
  1.58944E-05  0.00000E+00  3.57501E-05  5.16445010999E-05  1.69706E+01  0.00000E+00  9.36400E+00  2.60214E+00
  1.58947E-05  0.00000E+00  3.57498E-05  5.16445009289E-05  1.69706E+01  0.00000E+00  9.36405E+00  2.60204E+00
  1.58952E-05  0.00000E+00  3.57493E-05  5.16445008542E-05  1.69706E+01  0.00000E+00  9.36413E+00  2.60189E+00
  1.58951E-05  0.00000E+00  3.57494E-05  5.16445006871E-05  1.69706E+01  0.00000E+00  9.36413E+00  2.60191E+00
  1.58951E-05  0.00000E+00  3.57494E-05  5.16445005877E-05  1.69706E+01  0.00000E+00  9.36415E+00  2.60193E+00
  1.58951E-05  0.00000E+00  3.57494E-05  5.16445004777E-05  1.69706E+01  0.00000E+00  9.36419E+00  2.60190E+00
  1.58952E-05  0.00000E+00  3.57493E-05  5.16445004928E-05  1.69706E+01  0.00000E+00  9.36426E+00  2.60184E+00
  1.58952E-05  0.00000E+00  3.57493E-05  5.16445003721E-05  1.69706E+01  0.00000E+00  9.36425E+00  2.60184E+00
  1.58952E-05  0.00000E+00  3.57493E-05  5.16445003514E-05  1.69706E+01  0.00000E+00  9.36426E+00  2.60182E+00
  1.58953E-05  0.00000E+00  3.57492E-05  5.16445003397E-05  1.69706E+01  0.00000E+00  9.36426E+00  2.60181E+00
  1.58952E-05  0.00000E+00  3.57493E-05  5.16445003293E-05  1.69706E+01  0.00000E+00  9.36427E+00  2.60181E+00
  1.58952E-05  0.00000E+00  3.57493E-05  5.16445003207E-05  1.69706E+01  0.00000E+00  9.36427E+00  2.60181E+00
  1.58952E-05  0.00000E+00  3.57493E-05  5.16445003171E-05  1.69706E+01  0.00000E+00  9.36427E+00  2.60181E+00
  1.58952E-05  0.00000E+00  3.57493E-05  5.16445003139E-05  1.69706E+01  0.00000E+00  9.36427E+00  2.60182E+00
